[     421ms] [WARNING] Failed to decode downloaded font: https://docs.oracle.com/iaas/build/cfa3bfc4e789c049cee1.woff2 @ https://docs.oracle.com/iaas/build/front-end.js?445e57626b54c21befe6c2fb6041f16c04ae6c9bf1211fdd3d9843d3274c1fb4:0
[     421ms] [WARNING] OTS parsing error: invalid sfntVersion: 1702391919 @ https://docs.oracle.com/iaas/build/front-end.js?445e57626b54c21befe6c2fb6041f16c04ae6c9bf1211fdd3d9843d3274c1fb4:0
[     421ms] [WARNING] Failed to decode downloaded font: https://docs.oracle.com/iaas/build/683a82d7b23df073d22f.woff @ https://docs.oracle.com/iaas/build/front-end.js?445e57626b54c21befe6c2fb6041f16c04ae6c9bf1211fdd3d9843d3274c1fb4:0
[     421ms] [WARNING] OTS parsing error: invalid sfntVersion: 1702391919 @ https://docs.oracle.com/iaas/build/front-end.js?445e57626b54c21befe6c2fb6041f16c04ae6c9bf1211fdd3d9843d3274c1fb4:0
[     421ms] [WARNING] Failed to decode downloaded font: https://docs.oracle.com/iaas/build/34a458257fd0db74a6a3.woff2 @ https://docs.oracle.com/iaas/build/front-end.js?445e57626b54c21befe6c2fb6041f16c04ae6c9bf1211fdd3d9843d3274c1fb4:0
[     421ms] [WARNING] OTS parsing error: invalid sfntVersion: 1702391919 @ https://docs.oracle.com/iaas/build/front-end.js?445e57626b54c21befe6c2fb6041f16c04ae6c9bf1211fdd3d9843d3274c1fb4:0
[     421ms] [WARNING] Failed to decode downloaded font: https://docs.oracle.com/iaas/build/e28f377bd5fff578ce0e.woff @ https://docs.oracle.com/iaas/build/front-end.js?445e57626b54c21befe6c2fb6041f16c04ae6c9bf1211fdd3d9843d3274c1fb4:0
[     421ms] [WARNING] OTS parsing error: invalid sfntVersion: 1702391919 @ https://docs.oracle.com/iaas/build/front-end.js?445e57626b54c21befe6c2fb6041f16c04ae6c9bf1211fdd3d9843d3274c1fb4:0
[     421ms] [WARNING] Failed to decode downloaded font: https://docs.oracle.com/iaas/build/870879a1c446ead0d9f2.woff2 @ https://docs.oracle.com/iaas/build/front-end.js?445e57626b54c21befe6c2fb6041f16c04ae6c9bf1211fdd3d9843d3274c1fb4:0
[     421ms] [WARNING] OTS parsing error: invalid sfntVersion: 1702391919 @ https://docs.oracle.com/iaas/build/front-end.js?445e57626b54c21befe6c2fb6041f16c04ae6c9bf1211fdd3d9843d3274c1fb4:0
[     421ms] [WARNING] Failed to decode downloaded font: https://docs.oracle.com/iaas/build/92be74794ca10fbcdb3d.woff @ https://docs.oracle.com/iaas/build/front-end.js?445e57626b54c21befe6c2fb6041f16c04ae6c9bf1211fdd3d9843d3274c1fb4:0
[     421ms] [WARNING] OTS parsing error: invalid sfntVersion: 1702391919 @ https://docs.oracle.com/iaas/build/front-end.js?445e57626b54c21befe6c2fb6041f16c04ae6c9bf1211fdd3d9843d3274c1fb4:0
[     504ms] [ERROR] Connecting to 'https://dpm.demdex.net/id?d_visid_ver=4.4.0&d_fieldgroup=AAM&d_rtbd=json&d_ver=2&d_orgid=93263704532955710A490D44%40AdobeOrg&d_nsid=0&d_mid=41829166589799547482110726814032643237&ts=1777142144224' violates the following Content Security Policy directive: "connect-src 'self' *.truste.com *.trustarc.com *.psn-pco.it *.nricloud.jp *.sovereigncloud.nz *.jpsovereigncloud.jp *.thaiaiscloud.com *.dutechcloud.ae *.stccloud.com *.opencanvas.jp *.portalclarocco.com.br *.svcl.jp *.eonecloud.com sitecatalyst.omniture.com feedback.us-phoenix-1.oci.oraclecloud.com feedback-dev.us-phoenix-1.oci.oraclecloud.com *.cloud.oracle.com console.r1.oracleiaas.com". The action has been blocked. @ https://www.oracleimg.com/us/assets/metrics/ora_code.js:7
[     508ms] [ERROR] Loading the font 'https://consent.trustarc.com/get?name=SourceSansPro-Regular.ttf' violates the following Content Security Policy directive: "font-src 'self' https://maxcdn.bootstrapcdn.com". The action has been blocked. @ https://consent.trustarc.com/asset/notice.js/v/v1.7-402:16
[     508ms] [ERROR] Loading the font 'https://consent.trustarc.com/get?name=SourceSansPro-Regular.woff' violates the following Content Security Policy directive: "font-src 'self' https://maxcdn.bootstrapcdn.com". The action has been blocked. @ https://consent.trustarc.com/asset/notice.js/v/v1.7-402:16
[     508ms] [ERROR] Loading the font 'https://consent.trustarc.com/get?name=SourceSansPro-Regular.otf' violates the following Content Security Policy directive: "font-src 'self' https://maxcdn.bootstrapcdn.com". The action has been blocked. @ https://consent.trustarc.com/asset/notice.js/v/v1.7-402:16
[     508ms] [WARNING] Failed to decode downloaded font: https://docs.oracle.com/iaas/build/cfa3bfc4e789c049cee1.woff2 @ https://consent.trustarc.com/asset/notice.js/v/v1.7-402:16
[     508ms] [WARNING] OTS parsing error: invalid sfntVersion: 1702391919 @ https://consent.trustarc.com/asset/notice.js/v/v1.7-402:16
[     508ms] [WARNING] Failed to decode downloaded font: https://docs.oracle.com/iaas/build/683a82d7b23df073d22f.woff @ https://consent.trustarc.com/asset/notice.js/v/v1.7-402:16
[     508ms] [WARNING] OTS parsing error: invalid sfntVersion: 1702391919 @ https://consent.trustarc.com/asset/notice.js/v/v1.7-402:16
[     508ms] [WARNING] Failed to decode downloaded font: https://docs.oracle.com/iaas/build/34a458257fd0db74a6a3.woff2 @ https://consent.trustarc.com/asset/notice.js/v/v1.7-402:16
[     509ms] [WARNING] OTS parsing error: invalid sfntVersion: 1702391919 @ https://consent.trustarc.com/asset/notice.js/v/v1.7-402:16
[     509ms] [WARNING] Failed to decode downloaded font: https://docs.oracle.com/iaas/build/e28f377bd5fff578ce0e.woff @ https://consent.trustarc.com/asset/notice.js/v/v1.7-402:16
[     509ms] [WARNING] OTS parsing error: invalid sfntVersion: 1702391919 @ https://consent.trustarc.com/asset/notice.js/v/v1.7-402:16
[     509ms] [WARNING] Failed to decode downloaded font: https://docs.oracle.com/iaas/build/870879a1c446ead0d9f2.woff2 @ https://consent.trustarc.com/asset/notice.js/v/v1.7-402:16
[     509ms] [WARNING] OTS parsing error: invalid sfntVersion: 1702391919 @ https://consent.trustarc.com/asset/notice.js/v/v1.7-402:16
[     509ms] [WARNING] Failed to decode downloaded font: https://docs.oracle.com/iaas/build/92be74794ca10fbcdb3d.woff @ https://consent.trustarc.com/asset/notice.js/v/v1.7-402:16
[     509ms] [WARNING] OTS parsing error: invalid sfntVersion: 1702391919 @ https://consent.trustarc.com/asset/notice.js/v/v1.7-402:16
[     509ms] [WARNING] Failed to decode downloaded font: https://docs.oracle.com/iaas/build/cfa3bfc4e789c049cee1.woff2 @ https://docs.oracle.com/en-us/iaas/Content/zero-trust-packet-routing/zpr-policy-syntax.htm:0
[     509ms] [WARNING] OTS parsing error: invalid sfntVersion: 1702391919 @ https://docs.oracle.com/en-us/iaas/Content/zero-trust-packet-routing/zpr-policy-syntax.htm:0
[     509ms] [WARNING] Failed to decode downloaded font: https://docs.oracle.com/iaas/build/683a82d7b23df073d22f.woff @ https://docs.oracle.com/en-us/iaas/Content/zero-trust-packet-routing/zpr-policy-syntax.htm:0
[     509ms] [WARNING] OTS parsing error: invalid sfntVersion: 1702391919 @ https://docs.oracle.com/en-us/iaas/Content/zero-trust-packet-routing/zpr-policy-syntax.htm:0
[     510ms] [WARNING] Failed to decode downloaded font: https://docs.oracle.com/iaas/build/34a458257fd0db74a6a3.woff2 @ https://docs.oracle.com/en-us/iaas/Content/zero-trust-packet-routing/zpr-policy-syntax.htm:0
[     510ms] [WARNING] OTS parsing error: invalid sfntVersion: 1702391919 @ https://docs.oracle.com/en-us/iaas/Content/zero-trust-packet-routing/zpr-policy-syntax.htm:0
[     510ms] [WARNING] Failed to decode downloaded font: https://docs.oracle.com/iaas/build/e28f377bd5fff578ce0e.woff @ https://docs.oracle.com/en-us/iaas/Content/zero-trust-packet-routing/zpr-policy-syntax.htm:0
[     510ms] [WARNING] OTS parsing error: invalid sfntVersion: 1702391919 @ https://docs.oracle.com/en-us/iaas/Content/zero-trust-packet-routing/zpr-policy-syntax.htm:0
[     510ms] [WARNING] Failed to decode downloaded font: https://docs.oracle.com/iaas/build/870879a1c446ead0d9f2.woff2 @ https://docs.oracle.com/en-us/iaas/Content/zero-trust-packet-routing/zpr-policy-syntax.htm:0
[     510ms] [WARNING] OTS parsing error: invalid sfntVersion: 1702391919 @ https://docs.oracle.com/en-us/iaas/Content/zero-trust-packet-routing/zpr-policy-syntax.htm:0
[     510ms] [WARNING] Failed to decode downloaded font: https://docs.oracle.com/iaas/build/92be74794ca10fbcdb3d.woff @ https://docs.oracle.com/en-us/iaas/Content/zero-trust-packet-routing/zpr-policy-syntax.htm:0
[     510ms] [WARNING] OTS parsing error: invalid sfntVersion: 1702391919 @ https://docs.oracle.com/en-us/iaas/Content/zero-trust-packet-routing/zpr-policy-syntax.htm:0
[    2996ms] [ERROR] Connecting to 'https://dc.oracleinfinity.io/v4/account/wh3g12c3gg/client/id' violates the following Content Security Policy directive: "connect-src 'self' *.truste.com *.trustarc.com *.psn-pco.it *.nricloud.jp *.sovereigncloud.nz *.jpsovereigncloud.jp *.thaiaiscloud.com *.dutechcloud.ae *.stccloud.com *.opencanvas.jp *.portalclarocco.com.br *.svcl.jp *.eonecloud.com sitecatalyst.omniture.com feedback.us-phoenix-1.oci.oraclecloud.com feedback-dev.us-phoenix-1.oci.oraclecloud.com *.cloud.oracle.com console.r1.oracleiaas.com". The action has been blocked. @ https://d.oracleinfinity.io/infy/acs/common/js/1.3.52/common.js:44
[   49936ms] [ERROR] Connecting to 'https://dc.oracleinfinity.io/v3/wh3g12c3gg' violates the following Content Security Policy directive: "connect-src 'self' *.truste.com *.trustarc.com *.psn-pco.it *.nricloud.jp *.sovereigncloud.nz *.jpsovereigncloud.jp *.thaiaiscloud.com *.dutechcloud.ae *.stccloud.com *.opencanvas.jp *.portalclarocco.com.br *.svcl.jp *.eonecloud.com sitecatalyst.omniture.com feedback.us-phoenix-1.oci.oraclecloud.com feedback-dev.us-phoenix-1.oci.oraclecloud.com *.cloud.oracle.com console.r1.oracleiaas.com". The action has been blocked. @ https://d.oracleinfinity.io/infy/acs/common/js/1.3.52/common.js:48
[   50837ms] [ERROR] Connecting to 'https://dc.oracleinfinity.io/v3/wh3g12c3gg' violates the following Content Security Policy directive: "connect-src 'self' *.truste.com *.trustarc.com *.psn-pco.it *.nricloud.jp *.sovereigncloud.nz *.jpsovereigncloud.jp *.thaiaiscloud.com *.dutechcloud.ae *.stccloud.com *.opencanvas.jp *.portalclarocco.com.br *.svcl.jp *.eonecloud.com sitecatalyst.omniture.com feedback.us-phoenix-1.oci.oraclecloud.com feedback-dev.us-phoenix-1.oci.oraclecloud.com *.cloud.oracle.com console.r1.oracleiaas.com". The action has been blocked. @ https://d.oracleinfinity.io/infy/acs/common/js/1.3.52/common.js:48
[   51160ms] [WARNING] Failed to decode downloaded font: https://docs.oracle.com/iaas/build/cfa3bfc4e789c049cee1.woff2 @ https://docs.oracle.com/iaas/build/front-end.js?445e57626b54c21befe6c2fb6041f16c04ae6c9bf1211fdd3d9843d3274c1fb4:0
[   51160ms] [WARNING] OTS parsing error: invalid sfntVersion: 1702391919 @ https://docs.oracle.com/iaas/build/front-end.js?445e57626b54c21befe6c2fb6041f16c04ae6c9bf1211fdd3d9843d3274c1fb4:0
[   51160ms] [WARNING] Failed to decode downloaded font: https://docs.oracle.com/iaas/build/683a82d7b23df073d22f.woff @ https://docs.oracle.com/iaas/build/front-end.js?445e57626b54c21befe6c2fb6041f16c04ae6c9bf1211fdd3d9843d3274c1fb4:0
[   51160ms] [WARNING] OTS parsing error: invalid sfntVersion: 1702391919 @ https://docs.oracle.com/iaas/build/front-end.js?445e57626b54c21befe6c2fb6041f16c04ae6c9bf1211fdd3d9843d3274c1fb4:0
[   51160ms] [WARNING] Failed to decode downloaded font: https://docs.oracle.com/iaas/build/34a458257fd0db74a6a3.woff2 @ https://docs.oracle.com/iaas/build/front-end.js?445e57626b54c21befe6c2fb6041f16c04ae6c9bf1211fdd3d9843d3274c1fb4:0
[   51160ms] [WARNING] OTS parsing error: invalid sfntVersion: 1702391919 @ https://docs.oracle.com/iaas/build/front-end.js?445e57626b54c21befe6c2fb6041f16c04ae6c9bf1211fdd3d9843d3274c1fb4:0
[   51160ms] [WARNING] Failed to decode downloaded font: https://docs.oracle.com/iaas/build/e28f377bd5fff578ce0e.woff @ https://docs.oracle.com/iaas/build/front-end.js?445e57626b54c21befe6c2fb6041f16c04ae6c9bf1211fdd3d9843d3274c1fb4:0
[   51160ms] [WARNING] OTS parsing error: invalid sfntVersion: 1702391919 @ https://docs.oracle.com/iaas/build/front-end.js?445e57626b54c21befe6c2fb6041f16c04ae6c9bf1211fdd3d9843d3274c1fb4:0
[   51160ms] [WARNING] Failed to decode downloaded font: https://docs.oracle.com/iaas/build/870879a1c446ead0d9f2.woff2 @ https://docs.oracle.com/iaas/build/front-end.js?445e57626b54c21befe6c2fb6041f16c04ae6c9bf1211fdd3d9843d3274c1fb4:0
[   51160ms] [WARNING] OTS parsing error: invalid sfntVersion: 1702391919 @ https://docs.oracle.com/iaas/build/front-end.js?445e57626b54c21befe6c2fb6041f16c04ae6c9bf1211fdd3d9843d3274c1fb4:0
[   51160ms] [WARNING] Failed to decode downloaded font: https://docs.oracle.com/iaas/build/92be74794ca10fbcdb3d.woff @ https://docs.oracle.com/iaas/build/front-end.js?445e57626b54c21befe6c2fb6041f16c04ae6c9bf1211fdd3d9843d3274c1fb4:0
[   51161ms] [WARNING] OTS parsing error: invalid sfntVersion: 1702391919 @ https://docs.oracle.com/iaas/build/front-end.js?445e57626b54c21befe6c2fb6041f16c04ae6c9bf1211fdd3d9843d3274c1fb4:0
[   51250ms] [ERROR] Connecting to 'https://dpm.demdex.net/id?d_visid_ver=4.4.0&d_fieldgroup=AAM&d_rtbd=json&d_ver=2&d_orgid=93263704532955710A490D44%40AdobeOrg&d_nsid=0&d_mid=41829166589799547482110726814032643237&ts=1777142194970' violates the following Content Security Policy directive: "connect-src 'self' *.truste.com *.trustarc.com *.psn-pco.it *.nricloud.jp *.sovereigncloud.nz *.jpsovereigncloud.jp *.thaiaiscloud.com *.dutechcloud.ae *.stccloud.com *.opencanvas.jp *.portalclarocco.com.br *.svcl.jp *.eonecloud.com sitecatalyst.omniture.com feedback.us-phoenix-1.oci.oraclecloud.com feedback-dev.us-phoenix-1.oci.oraclecloud.com *.cloud.oracle.com console.r1.oracleiaas.com". The action has been blocked. @ https://www.oracleimg.com/us/assets/metrics/ora_code.js:7
[   51254ms] [ERROR] Loading the font 'https://consent.trustarc.com/get?name=SourceSansPro-Regular.ttf' violates the following Content Security Policy directive: "font-src 'self' https://maxcdn.bootstrapcdn.com". The action has been blocked. @ https://consent.trustarc.com/asset/notice.js/v/v1.7-402:16
[   51255ms] [ERROR] Loading the font 'https://consent.trustarc.com/get?name=SourceSansPro-Regular.woff' violates the following Content Security Policy directive: "font-src 'self' https://maxcdn.bootstrapcdn.com". The action has been blocked. @ https://consent.trustarc.com/asset/notice.js/v/v1.7-402:16
[   51255ms] [ERROR] Loading the font 'https://consent.trustarc.com/get?name=SourceSansPro-Regular.otf' violates the following Content Security Policy directive: "font-src 'self' https://maxcdn.bootstrapcdn.com". The action has been blocked. @ https://consent.trustarc.com/asset/notice.js/v/v1.7-402:16
[   51255ms] [WARNING] Failed to decode downloaded font: https://docs.oracle.com/iaas/build/cfa3bfc4e789c049cee1.woff2 @ https://consent.trustarc.com/asset/notice.js/v/v1.7-402:16
[   51255ms] [WARNING] OTS parsing error: invalid sfntVersion: 1702391919 @ https://consent.trustarc.com/asset/notice.js/v/v1.7-402:16
[   51255ms] [WARNING] Failed to decode downloaded font: https://docs.oracle.com/iaas/build/683a82d7b23df073d22f.woff @ https://consent.trustarc.com/asset/notice.js/v/v1.7-402:16
[   51255ms] [WARNING] OTS parsing error: invalid sfntVersion: 1702391919 @ https://consent.trustarc.com/asset/notice.js/v/v1.7-402:16
[   51255ms] [WARNING] Failed to decode downloaded font: https://docs.oracle.com/iaas/build/34a458257fd0db74a6a3.woff2 @ https://consent.trustarc.com/asset/notice.js/v/v1.7-402:16
[   51255ms] [WARNING] OTS parsing error: invalid sfntVersion: 1702391919 @ https://consent.trustarc.com/asset/notice.js/v/v1.7-402:16
[   51255ms] [WARNING] Failed to decode downloaded font: https://docs.oracle.com/iaas/build/e28f377bd5fff578ce0e.woff @ https://consent.trustarc.com/asset/notice.js/v/v1.7-402:16
[   51255ms] [WARNING] OTS parsing error: invalid sfntVersion: 1702391919 @ https://consent.trustarc.com/asset/notice.js/v/v1.7-402:16
[   51255ms] [WARNING] Failed to decode downloaded font: https://docs.oracle.com/iaas/build/870879a1c446ead0d9f2.woff2 @ https://consent.trustarc.com/asset/notice.js/v/v1.7-402:16
[   51255ms] [WARNING] OTS parsing error: invalid sfntVersion: 1702391919 @ https://consent.trustarc.com/asset/notice.js/v/v1.7-402:16
[   51255ms] [WARNING] Failed to decode downloaded font: https://docs.oracle.com/iaas/build/92be74794ca10fbcdb3d.woff @ https://consent.trustarc.com/asset/notice.js/v/v1.7-402:16
[   51255ms] [WARNING] OTS parsing error: invalid sfntVersion: 1702391919 @ https://consent.trustarc.com/asset/notice.js/v/v1.7-402:16
[   51256ms] [WARNING] Failed to decode downloaded font: https://docs.oracle.com/iaas/build/cfa3bfc4e789c049cee1.woff2 @ https://docs.oracle.com/en-us/iaas/Content/zero-trust-packet-routing/policy-reference.htm:0
[   51256ms] [WARNING] OTS parsing error: invalid sfntVersion: 1702391919 @ https://docs.oracle.com/en-us/iaas/Content/zero-trust-packet-routing/policy-reference.htm:0
[   51256ms] [WARNING] Failed to decode downloaded font: https://docs.oracle.com/iaas/build/683a82d7b23df073d22f.woff @ https://docs.oracle.com/en-us/iaas/Content/zero-trust-packet-routing/policy-reference.htm:0
[   51256ms] [WARNING] OTS parsing error: invalid sfntVersion: 1702391919 @ https://docs.oracle.com/en-us/iaas/Content/zero-trust-packet-routing/policy-reference.htm:0
[   51256ms] [WARNING] Failed to decode downloaded font: https://docs.oracle.com/iaas/build/34a458257fd0db74a6a3.woff2 @ https://docs.oracle.com/en-us/iaas/Content/zero-trust-packet-routing/policy-reference.htm:0
[   51256ms] [WARNING] OTS parsing error: invalid sfntVersion: 1702391919 @ https://docs.oracle.com/en-us/iaas/Content/zero-trust-packet-routing/policy-reference.htm:0
[   51256ms] [WARNING] Failed to decode downloaded font: https://docs.oracle.com/iaas/build/e28f377bd5fff578ce0e.woff @ https://docs.oracle.com/en-us/iaas/Content/zero-trust-packet-routing/policy-reference.htm:0
[   51256ms] [WARNING] OTS parsing error: invalid sfntVersion: 1702391919 @ https://docs.oracle.com/en-us/iaas/Content/zero-trust-packet-routing/policy-reference.htm:0
[   51256ms] [WARNING] Failed to decode downloaded font: https://docs.oracle.com/iaas/build/870879a1c446ead0d9f2.woff2 @ https://docs.oracle.com/en-us/iaas/Content/zero-trust-packet-routing/policy-reference.htm:0
[   51256ms] [WARNING] OTS parsing error: invalid sfntVersion: 1702391919 @ https://docs.oracle.com/en-us/iaas/Content/zero-trust-packet-routing/policy-reference.htm:0
[   51256ms] [WARNING] Failed to decode downloaded font: https://docs.oracle.com/iaas/build/92be74794ca10fbcdb3d.woff @ https://docs.oracle.com/en-us/iaas/Content/zero-trust-packet-routing/policy-reference.htm:0
[   51256ms] [WARNING] OTS parsing error: invalid sfntVersion: 1702391919 @ https://docs.oracle.com/en-us/iaas/Content/zero-trust-packet-routing/policy-reference.htm:0
[   51420ms] [ERROR] Connecting to 'https://oracle.sc.omtrdc.net/b/ss/oracleglobal/1/JS-2.25.0/s0551083023906' violates the following Content Security Policy directive: "connect-src 'self' *.truste.com *.trustarc.com *.psn-pco.it *.nricloud.jp *.sovereigncloud.nz *.jpsovereigncloud.jp *.thaiaiscloud.com *.dutechcloud.ae *.stccloud.com *.opencanvas.jp *.portalclarocco.com.br *.svcl.jp *.eonecloud.com sitecatalyst.omniture.com feedback.us-phoenix-1.oci.oraclecloud.com feedback-dev.us-phoenix-1.oci.oraclecloud.com *.cloud.oracle.com console.r1.oracleiaas.com". The action has been blocked. @ https://www.oracleimg.com/us/assets/metrics/ora_code.js:7
[   53470ms] [ERROR] Connecting to 'https://dc.oracleinfinity.io/v4/account/wh3g12c3gg/client/id' violates the following Content Security Policy directive: "connect-src 'self' *.truste.com *.trustarc.com *.psn-pco.it *.nricloud.jp *.sovereigncloud.nz *.jpsovereigncloud.jp *.thaiaiscloud.com *.dutechcloud.ae *.stccloud.com *.opencanvas.jp *.portalclarocco.com.br *.svcl.jp *.eonecloud.com sitecatalyst.omniture.com feedback.us-phoenix-1.oci.oraclecloud.com feedback-dev.us-phoenix-1.oci.oraclecloud.com *.cloud.oracle.com console.r1.oracleiaas.com". The action has been blocked. @ https://d.oracleinfinity.io/infy/acs/common/js/1.3.52/common.js:44
[   75688ms] [ERROR] Connecting to 'https://dc.oracleinfinity.io/v3/wh3g12c3gg' violates the following Content Security Policy directive: "connect-src 'self' *.truste.com *.trustarc.com *.psn-pco.it *.nricloud.jp *.sovereigncloud.nz *.jpsovereigncloud.jp *.thaiaiscloud.com *.dutechcloud.ae *.stccloud.com *.opencanvas.jp *.portalclarocco.com.br *.svcl.jp *.eonecloud.com sitecatalyst.omniture.com feedback.us-phoenix-1.oci.oraclecloud.com feedback-dev.us-phoenix-1.oci.oraclecloud.com *.cloud.oracle.com console.r1.oracleiaas.com". The action has been blocked. @ https://d.oracleinfinity.io/infy/acs/common/js/1.3.52/common.js:48
[  101330ms] [ERROR] Connecting to 'https://dc.oracleinfinity.io/v3/wh3g12c3gg' violates the following Content Security Policy directive: "connect-src 'self' *.truste.com *.trustarc.com *.psn-pco.it *.nricloud.jp *.sovereigncloud.nz *.jpsovereigncloud.jp *.thaiaiscloud.com *.dutechcloud.ae *.stccloud.com *.opencanvas.jp *.portalclarocco.com.br *.svcl.jp *.eonecloud.com sitecatalyst.omniture.com feedback.us-phoenix-1.oci.oraclecloud.com feedback-dev.us-phoenix-1.oci.oraclecloud.com *.cloud.oracle.com console.r1.oracleiaas.com". The action has been blocked. @ https://d.oracleinfinity.io/infy/acs/common/js/1.3.52/common.js:48
[  101741ms] [WARNING] Failed to decode downloaded font: https://docs.oracle.com/iaas/build/cfa3bfc4e789c049cee1.woff2 @ https://docs.oracle.com/iaas/build/front-end.js?445e57626b54c21befe6c2fb6041f16c04ae6c9bf1211fdd3d9843d3274c1fb4:0
[  101741ms] [WARNING] OTS parsing error: invalid sfntVersion: 1702391919 @ https://docs.oracle.com/iaas/build/front-end.js?445e57626b54c21befe6c2fb6041f16c04ae6c9bf1211fdd3d9843d3274c1fb4:0
[  101741ms] [WARNING] Failed to decode downloaded font: https://docs.oracle.com/iaas/build/683a82d7b23df073d22f.woff @ https://docs.oracle.com/iaas/build/front-end.js?445e57626b54c21befe6c2fb6041f16c04ae6c9bf1211fdd3d9843d3274c1fb4:0
[  101741ms] [WARNING] OTS parsing error: invalid sfntVersion: 1702391919 @ https://docs.oracle.com/iaas/build/front-end.js?445e57626b54c21befe6c2fb6041f16c04ae6c9bf1211fdd3d9843d3274c1fb4:0
[  101741ms] [WARNING] Failed to decode downloaded font: https://docs.oracle.com/iaas/build/34a458257fd0db74a6a3.woff2 @ https://docs.oracle.com/iaas/build/front-end.js?445e57626b54c21befe6c2fb6041f16c04ae6c9bf1211fdd3d9843d3274c1fb4:0
[  101741ms] [WARNING] OTS parsing error: invalid sfntVersion: 1702391919 @ https://docs.oracle.com/iaas/build/front-end.js?445e57626b54c21befe6c2fb6041f16c04ae6c9bf1211fdd3d9843d3274c1fb4:0
[  101741ms] [WARNING] Failed to decode downloaded font: https://docs.oracle.com/iaas/build/e28f377bd5fff578ce0e.woff @ https://docs.oracle.com/iaas/build/front-end.js?445e57626b54c21befe6c2fb6041f16c04ae6c9bf1211fdd3d9843d3274c1fb4:0
[  101741ms] [WARNING] OTS parsing error: invalid sfntVersion: 1702391919 @ https://docs.oracle.com/iaas/build/front-end.js?445e57626b54c21befe6c2fb6041f16c04ae6c9bf1211fdd3d9843d3274c1fb4:0
[  101741ms] [WARNING] Failed to decode downloaded font: https://docs.oracle.com/iaas/build/870879a1c446ead0d9f2.woff2 @ https://docs.oracle.com/iaas/build/front-end.js?445e57626b54c21befe6c2fb6041f16c04ae6c9bf1211fdd3d9843d3274c1fb4:0
[  101741ms] [WARNING] OTS parsing error: invalid sfntVersion: 1702391919 @ https://docs.oracle.com/iaas/build/front-end.js?445e57626b54c21befe6c2fb6041f16c04ae6c9bf1211fdd3d9843d3274c1fb4:0
[  101741ms] [WARNING] Failed to decode downloaded font: https://docs.oracle.com/iaas/build/92be74794ca10fbcdb3d.woff @ https://docs.oracle.com/iaas/build/front-end.js?445e57626b54c21befe6c2fb6041f16c04ae6c9bf1211fdd3d9843d3274c1fb4:0
[  101741ms] [WARNING] OTS parsing error: invalid sfntVersion: 1702391919 @ https://docs.oracle.com/iaas/build/front-end.js?445e57626b54c21befe6c2fb6041f16c04ae6c9bf1211fdd3d9843d3274c1fb4:0
[  101819ms] [ERROR] Connecting to 'https://dpm.demdex.net/id?d_visid_ver=4.4.0&d_fieldgroup=AAM&d_rtbd=json&d_ver=2&d_orgid=93263704532955710A490D44%40AdobeOrg&d_nsid=0&d_mid=41829166589799547482110726814032643237&ts=1777142245540' violates the following Content Security Policy directive: "connect-src 'self' *.truste.com *.trustarc.com *.psn-pco.it *.nricloud.jp *.sovereigncloud.nz *.jpsovereigncloud.jp *.thaiaiscloud.com *.dutechcloud.ae *.stccloud.com *.opencanvas.jp *.portalclarocco.com.br *.svcl.jp *.eonecloud.com sitecatalyst.omniture.com feedback.us-phoenix-1.oci.oraclecloud.com feedback-dev.us-phoenix-1.oci.oraclecloud.com *.cloud.oracle.com console.r1.oracleiaas.com". The action has been blocked. @ https://www.oracleimg.com/us/assets/metrics/ora_code.js:7
[  101821ms] [WARNING] Failed to decode downloaded font: https://docs.oracle.com/iaas/build/cfa3bfc4e789c049cee1.woff2 @ https://docs.oracle.com/en-us/iaas/Content/zero-trust-packet-routing/managing-zpr-policies.htm:0
[  101821ms] [WARNING] OTS parsing error: invalid sfntVersion: 1702391919 @ https://docs.oracle.com/en-us/iaas/Content/zero-trust-packet-routing/managing-zpr-policies.htm:0
[  101821ms] [WARNING] Failed to decode downloaded font: https://docs.oracle.com/iaas/build/683a82d7b23df073d22f.woff @ https://docs.oracle.com/en-us/iaas/Content/zero-trust-packet-routing/managing-zpr-policies.htm:0
[  101821ms] [WARNING] OTS parsing error: invalid sfntVersion: 1702391919 @ https://docs.oracle.com/en-us/iaas/Content/zero-trust-packet-routing/managing-zpr-policies.htm:0
[  101821ms] [WARNING] Failed to decode downloaded font: https://docs.oracle.com/iaas/build/34a458257fd0db74a6a3.woff2 @ https://docs.oracle.com/en-us/iaas/Content/zero-trust-packet-routing/managing-zpr-policies.htm:0
[  101821ms] [WARNING] OTS parsing error: invalid sfntVersion: 1702391919 @ https://docs.oracle.com/en-us/iaas/Content/zero-trust-packet-routing/managing-zpr-policies.htm:0
[  101821ms] [WARNING] Failed to decode downloaded font: https://docs.oracle.com/iaas/build/e28f377bd5fff578ce0e.woff @ https://docs.oracle.com/en-us/iaas/Content/zero-trust-packet-routing/managing-zpr-policies.htm:0
[  101821ms] [WARNING] OTS parsing error: invalid sfntVersion: 1702391919 @ https://docs.oracle.com/en-us/iaas/Content/zero-trust-packet-routing/managing-zpr-policies.htm:0
[  101821ms] [WARNING] Failed to decode downloaded font: https://docs.oracle.com/iaas/build/870879a1c446ead0d9f2.woff2 @ https://docs.oracle.com/en-us/iaas/Content/zero-trust-packet-routing/managing-zpr-policies.htm:0
[  101821ms] [WARNING] OTS parsing error: invalid sfntVersion: 1702391919 @ https://docs.oracle.com/en-us/iaas/Content/zero-trust-packet-routing/managing-zpr-policies.htm:0
[  101821ms] [WARNING] Failed to decode downloaded font: https://docs.oracle.com/iaas/build/92be74794ca10fbcdb3d.woff @ https://docs.oracle.com/en-us/iaas/Content/zero-trust-packet-routing/managing-zpr-policies.htm:0
[  101821ms] [WARNING] OTS parsing error: invalid sfntVersion: 1702391919 @ https://docs.oracle.com/en-us/iaas/Content/zero-trust-packet-routing/managing-zpr-policies.htm:0
[  101827ms] [ERROR] Loading the font 'https://consent.trustarc.com/get?name=SourceSansPro-Regular.ttf' violates the following Content Security Policy directive: "font-src 'self' https://maxcdn.bootstrapcdn.com". The action has been blocked. @ https://consent.trustarc.com/asset/notice.js/v/v1.7-402:16
[  101827ms] [ERROR] Loading the font 'https://consent.trustarc.com/get?name=SourceSansPro-Regular.woff' violates the following Content Security Policy directive: "font-src 'self' https://maxcdn.bootstrapcdn.com". The action has been blocked. @ https://consent.trustarc.com/asset/notice.js/v/v1.7-402:16
[  101828ms] [ERROR] Loading the font 'https://consent.trustarc.com/get?name=SourceSansPro-Regular.otf' violates the following Content Security Policy directive: "font-src 'self' https://maxcdn.bootstrapcdn.com". The action has been blocked. @ https://consent.trustarc.com/asset/notice.js/v/v1.7-402:16
[  101828ms] [WARNING] Failed to decode downloaded font: https://docs.oracle.com/iaas/build/cfa3bfc4e789c049cee1.woff2 @ https://consent.trustarc.com/asset/notice.js/v/v1.7-402:16
[  101828ms] [WARNING] OTS parsing error: invalid sfntVersion: 1702391919 @ https://consent.trustarc.com/asset/notice.js/v/v1.7-402:16
[  101828ms] [WARNING] Failed to decode downloaded font: https://docs.oracle.com/iaas/build/683a82d7b23df073d22f.woff @ https://consent.trustarc.com/asset/notice.js/v/v1.7-402:16
[  101828ms] [WARNING] OTS parsing error: invalid sfntVersion: 1702391919 @ https://consent.trustarc.com/asset/notice.js/v/v1.7-402:16
[  101828ms] [WARNING] Failed to decode downloaded font: https://docs.oracle.com/iaas/build/34a458257fd0db74a6a3.woff2 @ https://consent.trustarc.com/asset/notice.js/v/v1.7-402:16
[  101828ms] [WARNING] OTS parsing error: invalid sfntVersion: 1702391919 @ https://consent.trustarc.com/asset/notice.js/v/v1.7-402:16
[  101828ms] [WARNING] Failed to decode downloaded font: https://docs.oracle.com/iaas/build/e28f377bd5fff578ce0e.woff @ https://consent.trustarc.com/asset/notice.js/v/v1.7-402:16
[  101828ms] [WARNING] OTS parsing error: invalid sfntVersion: 1702391919 @ https://consent.trustarc.com/asset/notice.js/v/v1.7-402:16
[  101828ms] [WARNING] Failed to decode downloaded font: https://docs.oracle.com/iaas/build/870879a1c446ead0d9f2.woff2 @ https://consent.trustarc.com/asset/notice.js/v/v1.7-402:16
[  101828ms] [WARNING] OTS parsing error: invalid sfntVersion: 1702391919 @ https://consent.trustarc.com/asset/notice.js/v/v1.7-402:16
[  101828ms] [WARNING] Failed to decode downloaded font: https://docs.oracle.com/iaas/build/92be74794ca10fbcdb3d.woff @ https://consent.trustarc.com/asset/notice.js/v/v1.7-402:16
[  101828ms] [WARNING] OTS parsing error: invalid sfntVersion: 1702391919 @ https://consent.trustarc.com/asset/notice.js/v/v1.7-402:16
[  101829ms] [WARNING] Failed to decode downloaded font: https://docs.oracle.com/iaas/build/cfa3bfc4e789c049cee1.woff2 @ https://docs.oracle.com/en-us/iaas/Content/zero-trust-packet-routing/managing-zpr-policies.htm:0
[  101829ms] [WARNING] OTS parsing error: invalid sfntVersion: 1702391919 @ https://docs.oracle.com/en-us/iaas/Content/zero-trust-packet-routing/managing-zpr-policies.htm:0
[  101829ms] [WARNING] Failed to decode downloaded font: https://docs.oracle.com/iaas/build/683a82d7b23df073d22f.woff @ https://docs.oracle.com/en-us/iaas/Content/zero-trust-packet-routing/managing-zpr-policies.htm:0
[  101829ms] [WARNING] OTS parsing error: invalid sfntVersion: 1702391919 @ https://docs.oracle.com/en-us/iaas/Content/zero-trust-packet-routing/managing-zpr-policies.htm:0
[  101829ms] [WARNING] Failed to decode downloaded font: https://docs.oracle.com/iaas/build/34a458257fd0db74a6a3.woff2 @ https://docs.oracle.com/en-us/iaas/Content/zero-trust-packet-routing/managing-zpr-policies.htm:0
[  101829ms] [WARNING] OTS parsing error: invalid sfntVersion: 1702391919 @ https://docs.oracle.com/en-us/iaas/Content/zero-trust-packet-routing/managing-zpr-policies.htm:0
[  101829ms] [WARNING] Failed to decode downloaded font: https://docs.oracle.com/iaas/build/e28f377bd5fff578ce0e.woff @ https://docs.oracle.com/en-us/iaas/Content/zero-trust-packet-routing/managing-zpr-policies.htm:0
[  101829ms] [WARNING] OTS parsing error: invalid sfntVersion: 1702391919 @ https://docs.oracle.com/en-us/iaas/Content/zero-trust-packet-routing/managing-zpr-policies.htm:0
[  101829ms] [WARNING] Failed to decode downloaded font: https://docs.oracle.com/iaas/build/870879a1c446ead0d9f2.woff2 @ https://docs.oracle.com/en-us/iaas/Content/zero-trust-packet-routing/managing-zpr-policies.htm:0
[  101829ms] [WARNING] OTS parsing error: invalid sfntVersion: 1702391919 @ https://docs.oracle.com/en-us/iaas/Content/zero-trust-packet-routing/managing-zpr-policies.htm:0
[  101829ms] [WARNING] Failed to decode downloaded font: https://docs.oracle.com/iaas/build/92be74794ca10fbcdb3d.woff @ https://docs.oracle.com/en-us/iaas/Content/zero-trust-packet-routing/managing-zpr-policies.htm:0
[  101829ms] [WARNING] OTS parsing error: invalid sfntVersion: 1702391919 @ https://docs.oracle.com/en-us/iaas/Content/zero-trust-packet-routing/managing-zpr-policies.htm:0
[  101987ms] [ERROR] Connecting to 'https://oracle.sc.omtrdc.net/b/ss/oracleglobal/1/JS-2.25.0/s0401226465748' violates the following Content Security Policy directive: "connect-src 'self' *.truste.com *.trustarc.com *.psn-pco.it *.nricloud.jp *.sovereigncloud.nz *.jpsovereigncloud.jp *.thaiaiscloud.com *.dutechcloud.ae *.stccloud.com *.opencanvas.jp *.portalclarocco.com.br *.svcl.jp *.eonecloud.com sitecatalyst.omniture.com feedback.us-phoenix-1.oci.oraclecloud.com feedback-dev.us-phoenix-1.oci.oraclecloud.com *.cloud.oracle.com console.r1.oracleiaas.com". The action has been blocked. @ https://www.oracleimg.com/us/assets/metrics/ora_code.js:7
[  104072ms] [ERROR] Connecting to 'https://dc.oracleinfinity.io/v4/account/wh3g12c3gg/client/id' violates the following Content Security Policy directive: "connect-src 'self' *.truste.com *.trustarc.com *.psn-pco.it *.nricloud.jp *.sovereigncloud.nz *.jpsovereigncloud.jp *.thaiaiscloud.com *.dutechcloud.ae *.stccloud.com *.opencanvas.jp *.portalclarocco.com.br *.svcl.jp *.eonecloud.com sitecatalyst.omniture.com feedback.us-phoenix-1.oci.oraclecloud.com feedback-dev.us-phoenix-1.oci.oraclecloud.com *.cloud.oracle.com console.r1.oracleiaas.com". The action has been blocked. @ https://d.oracleinfinity.io/infy/acs/common/js/1.3.52/common.js:44
[  112845ms] [ERROR] Connecting to 'https://dc.oracleinfinity.io/v3/wh3g12c3gg' violates the following Content Security Policy directive: "connect-src 'self' *.truste.com *.trustarc.com *.psn-pco.it *.nricloud.jp *.sovereigncloud.nz *.jpsovereigncloud.jp *.thaiaiscloud.com *.dutechcloud.ae *.stccloud.com *.opencanvas.jp *.portalclarocco.com.br *.svcl.jp *.eonecloud.com sitecatalyst.omniture.com feedback.us-phoenix-1.oci.oraclecloud.com feedback-dev.us-phoenix-1.oci.oraclecloud.com *.cloud.oracle.com console.r1.oracleiaas.com". The action has been blocked. @ https://d.oracleinfinity.io/infy/acs/common/js/1.3.52/common.js:48
[  112847ms] [ERROR] Connecting to 'https://dc.oracleinfinity.io/v3/wh3g12c3gg' violates the following Content Security Policy directive: "connect-src 'self' *.truste.com *.trustarc.com *.psn-pco.it *.nricloud.jp *.sovereigncloud.nz *.jpsovereigncloud.jp *.thaiaiscloud.com *.dutechcloud.ae *.stccloud.com *.opencanvas.jp *.portalclarocco.com.br *.svcl.jp *.eonecloud.com sitecatalyst.omniture.com feedback.us-phoenix-1.oci.oraclecloud.com feedback-dev.us-phoenix-1.oci.oraclecloud.com *.cloud.oracle.com console.r1.oracleiaas.com". The action has been blocked. @ https://d.oracleinfinity.io/infy/acs/common/js/1.3.52/common.js:48
[  115569ms] [ERROR] Connecting to 'https://dc.oracleinfinity.io/v3/wh3g12c3gg' violates the following Content Security Policy directive: "connect-src 'self' *.truste.com *.trustarc.com *.psn-pco.it *.nricloud.jp *.sovereigncloud.nz *.jpsovereigncloud.jp *.thaiaiscloud.com *.dutechcloud.ae *.stccloud.com *.opencanvas.jp *.portalclarocco.com.br *.svcl.jp *.eonecloud.com sitecatalyst.omniture.com feedback.us-phoenix-1.oci.oraclecloud.com feedback-dev.us-phoenix-1.oci.oraclecloud.com *.cloud.oracle.com console.r1.oracleiaas.com". The action has been blocked. @ https://d.oracleinfinity.io/infy/acs/common/js/1.3.52/common.js:48
[  116556ms] [WARNING] Failed to decode downloaded font: https://docs.oracle.com/iaas/build/cfa3bfc4e789c049cee1.woff2 @ https://docs.oracle.com/iaas/build/front-end.js?445e57626b54c21befe6c2fb6041f16c04ae6c9bf1211fdd3d9843d3274c1fb4:0
[  116556ms] [WARNING] OTS parsing error: invalid sfntVersion: 1702391919 @ https://docs.oracle.com/iaas/build/front-end.js?445e57626b54c21befe6c2fb6041f16c04ae6c9bf1211fdd3d9843d3274c1fb4:0
[  116556ms] [WARNING] Failed to decode downloaded font: https://docs.oracle.com/iaas/build/683a82d7b23df073d22f.woff @ https://docs.oracle.com/iaas/build/front-end.js?445e57626b54c21befe6c2fb6041f16c04ae6c9bf1211fdd3d9843d3274c1fb4:0
[  116556ms] [WARNING] OTS parsing error: invalid sfntVersion: 1702391919 @ https://docs.oracle.com/iaas/build/front-end.js?445e57626b54c21befe6c2fb6041f16c04ae6c9bf1211fdd3d9843d3274c1fb4:0
[  116556ms] [WARNING] Failed to decode downloaded font: https://docs.oracle.com/iaas/build/34a458257fd0db74a6a3.woff2 @ https://docs.oracle.com/iaas/build/front-end.js?445e57626b54c21befe6c2fb6041f16c04ae6c9bf1211fdd3d9843d3274c1fb4:0
[  116556ms] [WARNING] OTS parsing error: invalid sfntVersion: 1702391919 @ https://docs.oracle.com/iaas/build/front-end.js?445e57626b54c21befe6c2fb6041f16c04ae6c9bf1211fdd3d9843d3274c1fb4:0
[  116556ms] [WARNING] Failed to decode downloaded font: https://docs.oracle.com/iaas/build/e28f377bd5fff578ce0e.woff @ https://docs.oracle.com/iaas/build/front-end.js?445e57626b54c21befe6c2fb6041f16c04ae6c9bf1211fdd3d9843d3274c1fb4:0
[  116556ms] [WARNING] OTS parsing error: invalid sfntVersion: 1702391919 @ https://docs.oracle.com/iaas/build/front-end.js?445e57626b54c21befe6c2fb6041f16c04ae6c9bf1211fdd3d9843d3274c1fb4:0
[  116556ms] [WARNING] Failed to decode downloaded font: https://docs.oracle.com/iaas/build/870879a1c446ead0d9f2.woff2 @ https://docs.oracle.com/iaas/build/front-end.js?445e57626b54c21befe6c2fb6041f16c04ae6c9bf1211fdd3d9843d3274c1fb4:0
[  116556ms] [WARNING] OTS parsing error: invalid sfntVersion: 1702391919 @ https://docs.oracle.com/iaas/build/front-end.js?445e57626b54c21befe6c2fb6041f16c04ae6c9bf1211fdd3d9843d3274c1fb4:0
[  116556ms] [WARNING] Failed to decode downloaded font: https://docs.oracle.com/iaas/build/92be74794ca10fbcdb3d.woff @ https://docs.oracle.com/iaas/build/front-end.js?445e57626b54c21befe6c2fb6041f16c04ae6c9bf1211fdd3d9843d3274c1fb4:0
[  116556ms] [WARNING] OTS parsing error: invalid sfntVersion: 1702391919 @ https://docs.oracle.com/iaas/build/front-end.js?445e57626b54c21befe6c2fb6041f16c04ae6c9bf1211fdd3d9843d3274c1fb4:0
[  116627ms] [ERROR] Connecting to 'https://dpm.demdex.net/id?d_visid_ver=4.4.0&d_fieldgroup=AAM&d_rtbd=json&d_ver=2&d_orgid=93263704532955710A490D44%40AdobeOrg&d_nsid=0&d_mid=41829166589799547482110726814032643237&ts=1777142260348' violates the following Content Security Policy directive: "connect-src 'self' *.truste.com *.trustarc.com *.psn-pco.it *.nricloud.jp *.sovereigncloud.nz *.jpsovereigncloud.jp *.thaiaiscloud.com *.dutechcloud.ae *.stccloud.com *.opencanvas.jp *.portalclarocco.com.br *.svcl.jp *.eonecloud.com sitecatalyst.omniture.com feedback.us-phoenix-1.oci.oraclecloud.com feedback-dev.us-phoenix-1.oci.oraclecloud.com *.cloud.oracle.com console.r1.oracleiaas.com". The action has been blocked. @ https://www.oracleimg.com/us/assets/metrics/ora_code.js:7
[  116631ms] [ERROR] Loading the font 'https://consent.trustarc.com/get?name=SourceSansPro-Regular.ttf' violates the following Content Security Policy directive: "font-src 'self' https://maxcdn.bootstrapcdn.com". The action has been blocked. @ https://consent.trustarc.com/asset/notice.js/v/v1.7-402:16
[  116631ms] [ERROR] Loading the font 'https://consent.trustarc.com/get?name=SourceSansPro-Regular.woff' violates the following Content Security Policy directive: "font-src 'self' https://maxcdn.bootstrapcdn.com". The action has been blocked. @ https://consent.trustarc.com/asset/notice.js/v/v1.7-402:16
[  116631ms] [ERROR] Loading the font 'https://consent.trustarc.com/get?name=SourceSansPro-Regular.otf' violates the following Content Security Policy directive: "font-src 'self' https://maxcdn.bootstrapcdn.com". The action has been blocked. @ https://consent.trustarc.com/asset/notice.js/v/v1.7-402:16
[  116631ms] [WARNING] Failed to decode downloaded font: https://docs.oracle.com/iaas/build/cfa3bfc4e789c049cee1.woff2 @ https://consent.trustarc.com/asset/notice.js/v/v1.7-402:16
[  116631ms] [WARNING] OTS parsing error: invalid sfntVersion: 1702391919 @ https://consent.trustarc.com/asset/notice.js/v/v1.7-402:16
[  116631ms] [WARNING] Failed to decode downloaded font: https://docs.oracle.com/iaas/build/683a82d7b23df073d22f.woff @ https://consent.trustarc.com/asset/notice.js/v/v1.7-402:16
[  116631ms] [WARNING] OTS parsing error: invalid sfntVersion: 1702391919 @ https://consent.trustarc.com/asset/notice.js/v/v1.7-402:16
[  116631ms] [WARNING] Failed to decode downloaded font: https://docs.oracle.com/iaas/build/34a458257fd0db74a6a3.woff2 @ https://consent.trustarc.com/asset/notice.js/v/v1.7-402:16
[  116631ms] [WARNING] OTS parsing error: invalid sfntVersion: 1702391919 @ https://consent.trustarc.com/asset/notice.js/v/v1.7-402:16
[  116631ms] [WARNING] Failed to decode downloaded font: https://docs.oracle.com/iaas/build/e28f377bd5fff578ce0e.woff @ https://consent.trustarc.com/asset/notice.js/v/v1.7-402:16
[  116631ms] [WARNING] OTS parsing error: invalid sfntVersion: 1702391919 @ https://consent.trustarc.com/asset/notice.js/v/v1.7-402:16
[  116632ms] [WARNING] Failed to decode downloaded font: https://docs.oracle.com/iaas/build/870879a1c446ead0d9f2.woff2 @ https://consent.trustarc.com/asset/notice.js/v/v1.7-402:16
[  116632ms] [WARNING] OTS parsing error: invalid sfntVersion: 1702391919 @ https://consent.trustarc.com/asset/notice.js/v/v1.7-402:16
[  116632ms] [WARNING] Failed to decode downloaded font: https://docs.oracle.com/iaas/build/92be74794ca10fbcdb3d.woff @ https://consent.trustarc.com/asset/notice.js/v/v1.7-402:16
[  116632ms] [WARNING] OTS parsing error: invalid sfntVersion: 1702391919 @ https://consent.trustarc.com/asset/notice.js/v/v1.7-402:16
[  116632ms] [WARNING] Failed to decode downloaded font: https://docs.oracle.com/iaas/build/cfa3bfc4e789c049cee1.woff2 @ https://docs.oracle.com/en-us/iaas/Content/zero-trust-packet-routing/delete-zpr-policies.htm:0
[  116632ms] [WARNING] OTS parsing error: invalid sfntVersion: 1702391919 @ https://docs.oracle.com/en-us/iaas/Content/zero-trust-packet-routing/delete-zpr-policies.htm:0
[  116632ms] [WARNING] Failed to decode downloaded font: https://docs.oracle.com/iaas/build/683a82d7b23df073d22f.woff @ https://docs.oracle.com/en-us/iaas/Content/zero-trust-packet-routing/delete-zpr-policies.htm:0
[  116632ms] [WARNING] OTS parsing error: invalid sfntVersion: 1702391919 @ https://docs.oracle.com/en-us/iaas/Content/zero-trust-packet-routing/delete-zpr-policies.htm:0
[  116632ms] [WARNING] Failed to decode downloaded font: https://docs.oracle.com/iaas/build/34a458257fd0db74a6a3.woff2 @ https://docs.oracle.com/en-us/iaas/Content/zero-trust-packet-routing/delete-zpr-policies.htm:0
[  116632ms] [WARNING] OTS parsing error: invalid sfntVersion: 1702391919 @ https://docs.oracle.com/en-us/iaas/Content/zero-trust-packet-routing/delete-zpr-policies.htm:0
[  116632ms] [WARNING] Failed to decode downloaded font: https://docs.oracle.com/iaas/build/e28f377bd5fff578ce0e.woff @ https://docs.oracle.com/en-us/iaas/Content/zero-trust-packet-routing/delete-zpr-policies.htm:0
[  116632ms] [WARNING] OTS parsing error: invalid sfntVersion: 1702391919 @ https://docs.oracle.com/en-us/iaas/Content/zero-trust-packet-routing/delete-zpr-policies.htm:0
[  116632ms] [WARNING] Failed to decode downloaded font: https://docs.oracle.com/iaas/build/870879a1c446ead0d9f2.woff2 @ https://docs.oracle.com/en-us/iaas/Content/zero-trust-packet-routing/delete-zpr-policies.htm:0
[  116632ms] [WARNING] OTS parsing error: invalid sfntVersion: 1702391919 @ https://docs.oracle.com/en-us/iaas/Content/zero-trust-packet-routing/delete-zpr-policies.htm:0
[  116632ms] [WARNING] Failed to decode downloaded font: https://docs.oracle.com/iaas/build/92be74794ca10fbcdb3d.woff @ https://docs.oracle.com/en-us/iaas/Content/zero-trust-packet-routing/delete-zpr-policies.htm:0
[  116632ms] [WARNING] OTS parsing error: invalid sfntVersion: 1702391919 @ https://docs.oracle.com/en-us/iaas/Content/zero-trust-packet-routing/delete-zpr-policies.htm:0
[  116789ms] [ERROR] Connecting to 'https://oracle.sc.omtrdc.net/b/ss/oracleglobal/1/JS-2.25.0/s01697335093450' violates the following Content Security Policy directive: "connect-src 'self' *.truste.com *.trustarc.com *.psn-pco.it *.nricloud.jp *.sovereigncloud.nz *.jpsovereigncloud.jp *.thaiaiscloud.com *.dutechcloud.ae *.stccloud.com *.opencanvas.jp *.portalclarocco.com.br *.svcl.jp *.eonecloud.com sitecatalyst.omniture.com feedback.us-phoenix-1.oci.oraclecloud.com feedback-dev.us-phoenix-1.oci.oraclecloud.com *.cloud.oracle.com console.r1.oracleiaas.com". The action has been blocked. @ https://www.oracleimg.com/us/assets/metrics/ora_code.js:7
[  118855ms] [ERROR] Connecting to 'https://dc.oracleinfinity.io/v4/account/wh3g12c3gg/client/id' violates the following Content Security Policy directive: "connect-src 'self' *.truste.com *.trustarc.com *.psn-pco.it *.nricloud.jp *.sovereigncloud.nz *.jpsovereigncloud.jp *.thaiaiscloud.com *.dutechcloud.ae *.stccloud.com *.opencanvas.jp *.portalclarocco.com.br *.svcl.jp *.eonecloud.com sitecatalyst.omniture.com feedback.us-phoenix-1.oci.oraclecloud.com feedback-dev.us-phoenix-1.oci.oraclecloud.com *.cloud.oracle.com console.r1.oracleiaas.com". The action has been blocked. @ https://d.oracleinfinity.io/infy/acs/common/js/1.3.52/common.js:44
