[    1475ms] [WARNING] Failed to decode downloaded font: https://docs.oracle.com/iaas/build/870879a1c446ead0d9f2.woff2 @ https://docs.oracle.com/en-us/iaas/Content/zero-trust-packet-routing/:150
[    1475ms] [WARNING] OTS parsing error: invalid sfntVersion: 1702391919 @ https://docs.oracle.com/en-us/iaas/Content/zero-trust-packet-routing/:150
[    1488ms] [WARNING] Failed to decode downloaded font: https://docs.oracle.com/iaas/build/34a458257fd0db74a6a3.woff2 @ https://docs.oracle.com/en-us/iaas/Content/zero-trust-packet-routing/:0
[    1488ms] [WARNING] OTS parsing error: invalid sfntVersion: 1702391919 @ https://docs.oracle.com/en-us/iaas/Content/zero-trust-packet-routing/:0
[    1557ms] [WARNING] Failed to decode downloaded font: https://docs.oracle.com/iaas/build/34a458257fd0db74a6a3.woff2 @ https://docs.oracle.com/en-us/iaas/Content/zero-trust-packet-routing/:0
[    1557ms] [WARNING] OTS parsing error: invalid sfntVersion: 1702391919 @ https://docs.oracle.com/en-us/iaas/Content/zero-trust-packet-routing/:0
[    1557ms] [WARNING] Failed to decode downloaded font: https://docs.oracle.com/iaas/build/870879a1c446ead0d9f2.woff2 @ https://docs.oracle.com/en-us/iaas/Content/zero-trust-packet-routing/:0
[    1557ms] [WARNING] OTS parsing error: invalid sfntVersion: 1702391919 @ https://docs.oracle.com/en-us/iaas/Content/zero-trust-packet-routing/:0
[    1606ms] [WARNING] Failed to decode downloaded font: https://docs.oracle.com/iaas/build/e28f377bd5fff578ce0e.woff @ https://docs.oracle.com/en-us/iaas/Content/zero-trust-packet-routing/:0
[    1606ms] [WARNING] OTS parsing error: invalid sfntVersion: 1702391919 @ https://docs.oracle.com/en-us/iaas/Content/zero-trust-packet-routing/:0
[    1606ms] [WARNING] Failed to decode downloaded font: https://docs.oracle.com/iaas/build/e28f377bd5fff578ce0e.woff @ https://docs.oracle.com/en-us/iaas/Content/zero-trust-packet-routing/:0
[    1606ms] [WARNING] OTS parsing error: invalid sfntVersion: 1702391919 @ https://docs.oracle.com/en-us/iaas/Content/zero-trust-packet-routing/:0
[    1620ms] [WARNING] Failed to decode downloaded font: https://docs.oracle.com/iaas/build/92be74794ca10fbcdb3d.woff @ https://docs.oracle.com/en-us/iaas/Content/zero-trust-packet-routing/:0
[    1620ms] [WARNING] OTS parsing error: invalid sfntVersion: 1702391919 @ https://docs.oracle.com/en-us/iaas/Content/zero-trust-packet-routing/:0
[    1620ms] [WARNING] Failed to decode downloaded font: https://docs.oracle.com/iaas/build/92be74794ca10fbcdb3d.woff @ https://docs.oracle.com/en-us/iaas/Content/zero-trust-packet-routing/:0
[    1620ms] [WARNING] OTS parsing error: invalid sfntVersion: 1702391919 @ https://docs.oracle.com/en-us/iaas/Content/zero-trust-packet-routing/:0
[    1675ms] [ERROR] Loading the font 'https://consent.trustarc.com/get?name=SourceSansPro-Regular.ttf' violates the following Content Security Policy directive: "font-src 'self' https://maxcdn.bootstrapcdn.com". The action has been blocked. @ https://consent.trustarc.com/asset/notice.js/v/v1.7-402:16
[    1676ms] [ERROR] Loading the font 'https://consent.trustarc.com/get?name=SourceSansPro-Regular.woff' violates the following Content Security Policy directive: "font-src 'self' https://maxcdn.bootstrapcdn.com". The action has been blocked. @ https://consent.trustarc.com/asset/notice.js/v/v1.7-402:16
[    1676ms] [ERROR] Loading the font 'https://consent.trustarc.com/get?name=SourceSansPro-Regular.otf' violates the following Content Security Policy directive: "font-src 'self' https://maxcdn.bootstrapcdn.com". The action has been blocked. @ https://consent.trustarc.com/asset/notice.js/v/v1.7-402:16
[    1676ms] [WARNING] Failed to decode downloaded font: https://docs.oracle.com/iaas/build/34a458257fd0db74a6a3.woff2 @ https://consent.trustarc.com/asset/notice.js/v/v1.7-402:16
[    1676ms] [WARNING] OTS parsing error: invalid sfntVersion: 1702391919 @ https://consent.trustarc.com/asset/notice.js/v/v1.7-402:16
[    1676ms] [WARNING] Failed to decode downloaded font: https://docs.oracle.com/iaas/build/e28f377bd5fff578ce0e.woff @ https://consent.trustarc.com/asset/notice.js/v/v1.7-402:16
[    1676ms] [WARNING] OTS parsing error: invalid sfntVersion: 1702391919 @ https://consent.trustarc.com/asset/notice.js/v/v1.7-402:16
[    1676ms] [WARNING] Failed to decode downloaded font: https://docs.oracle.com/iaas/build/870879a1c446ead0d9f2.woff2 @ https://consent.trustarc.com/asset/notice.js/v/v1.7-402:16
[    1676ms] [WARNING] OTS parsing error: invalid sfntVersion: 1702391919 @ https://consent.trustarc.com/asset/notice.js/v/v1.7-402:16
[    1676ms] [WARNING] Failed to decode downloaded font: https://docs.oracle.com/iaas/build/92be74794ca10fbcdb3d.woff @ https://consent.trustarc.com/asset/notice.js/v/v1.7-402:16
[    1676ms] [WARNING] OTS parsing error: invalid sfntVersion: 1702391919 @ https://consent.trustarc.com/asset/notice.js/v/v1.7-402:16
[    1686ms] [WARNING] Failed to decode downloaded font: https://docs.oracle.com/iaas/build/cfa3bfc4e789c049cee1.woff2 @ https://docs.oracle.com/en-us/iaas/Content/zero-trust-packet-routing/:0
[    1686ms] [WARNING] OTS parsing error: invalid sfntVersion: 1702391919 @ https://docs.oracle.com/en-us/iaas/Content/zero-trust-packet-routing/:0
[    1686ms] [WARNING] Failed to decode downloaded font: https://docs.oracle.com/iaas/build/cfa3bfc4e789c049cee1.woff2 @ https://docs.oracle.com/en-us/iaas/Content/zero-trust-packet-routing/:0
[    1686ms] [WARNING] OTS parsing error: invalid sfntVersion: 1702391919 @ https://docs.oracle.com/en-us/iaas/Content/zero-trust-packet-routing/:0
[    1686ms] [WARNING] Failed to decode downloaded font: https://docs.oracle.com/iaas/build/cfa3bfc4e789c049cee1.woff2 @ https://docs.oracle.com/en-us/iaas/Content/zero-trust-packet-routing/:0
[    1686ms] [WARNING] OTS parsing error: invalid sfntVersion: 1702391919 @ https://docs.oracle.com/en-us/iaas/Content/zero-trust-packet-routing/:0
[    1770ms] [WARNING] Failed to decode downloaded font: https://docs.oracle.com/iaas/build/cfa3bfc4e789c049cee1.woff2 @ https://docs.oracle.com/iaas/build/front-end.js?445e57626b54c21befe6c2fb6041f16c04ae6c9bf1211fdd3d9843d3274c1fb4:0
[    1770ms] [WARNING] OTS parsing error: invalid sfntVersion: 1702391919 @ https://docs.oracle.com/iaas/build/front-end.js?445e57626b54c21befe6c2fb6041f16c04ae6c9bf1211fdd3d9843d3274c1fb4:0
[    1770ms] [WARNING] Failed to decode downloaded font: https://docs.oracle.com/iaas/build/34a458257fd0db74a6a3.woff2 @ https://docs.oracle.com/iaas/build/front-end.js?445e57626b54c21befe6c2fb6041f16c04ae6c9bf1211fdd3d9843d3274c1fb4:0
[    1770ms] [WARNING] OTS parsing error: invalid sfntVersion: 1702391919 @ https://docs.oracle.com/iaas/build/front-end.js?445e57626b54c21befe6c2fb6041f16c04ae6c9bf1211fdd3d9843d3274c1fb4:0
[    1770ms] [WARNING] Failed to decode downloaded font: https://docs.oracle.com/iaas/build/e28f377bd5fff578ce0e.woff @ https://docs.oracle.com/iaas/build/front-end.js?445e57626b54c21befe6c2fb6041f16c04ae6c9bf1211fdd3d9843d3274c1fb4:0
[    1770ms] [WARNING] OTS parsing error: invalid sfntVersion: 1702391919 @ https://docs.oracle.com/iaas/build/front-end.js?445e57626b54c21befe6c2fb6041f16c04ae6c9bf1211fdd3d9843d3274c1fb4:0
[    1770ms] [WARNING] Failed to decode downloaded font: https://docs.oracle.com/iaas/build/870879a1c446ead0d9f2.woff2 @ https://docs.oracle.com/iaas/build/front-end.js?445e57626b54c21befe6c2fb6041f16c04ae6c9bf1211fdd3d9843d3274c1fb4:0
[    1770ms] [WARNING] OTS parsing error: invalid sfntVersion: 1702391919 @ https://docs.oracle.com/iaas/build/front-end.js?445e57626b54c21befe6c2fb6041f16c04ae6c9bf1211fdd3d9843d3274c1fb4:0
[    1770ms] [WARNING] Failed to decode downloaded font: https://docs.oracle.com/iaas/build/92be74794ca10fbcdb3d.woff @ https://docs.oracle.com/iaas/build/front-end.js?445e57626b54c21befe6c2fb6041f16c04ae6c9bf1211fdd3d9843d3274c1fb4:0
[    1770ms] [WARNING] OTS parsing error: invalid sfntVersion: 1702391919 @ https://docs.oracle.com/iaas/build/front-end.js?445e57626b54c21befe6c2fb6041f16c04ae6c9bf1211fdd3d9843d3274c1fb4:0
[    1811ms] [ERROR] Connecting to 'https://dpm.demdex.net/id?d_visid_ver=4.4.0&d_fieldgroup=MC&d_rtbd=json&d_ver=2&d_orgid=93263704532955710A490D44%40AdobeOrg&d_nsid=0&ts=1777141845356' violates the following Content Security Policy directive: "connect-src 'self' *.truste.com *.trustarc.com *.psn-pco.it *.nricloud.jp *.sovereigncloud.nz *.jpsovereigncloud.jp *.thaiaiscloud.com *.dutechcloud.ae *.stccloud.com *.opencanvas.jp *.portalclarocco.com.br *.svcl.jp *.eonecloud.com sitecatalyst.omniture.com feedback.us-phoenix-1.oci.oraclecloud.com feedback-dev.us-phoenix-1.oci.oraclecloud.com *.cloud.oracle.com console.r1.oracleiaas.com". The action has been blocked. @ https://www.oracleimg.com/us/assets/metrics/ora_code.js:7
[    1813ms] [ERROR] Connecting to 'https://oracle.sc.omtrdc.net/id?d_visid_ver=4.4.0&d_fieldgroup=A&mcorgid=93263704532955710A490D44%40AdobeOrg&mid=41829166589799547482110726814032643237&ts=1777141845358' violates the following Content Security Policy directive: "connect-src 'self' *.truste.com *.trustarc.com *.psn-pco.it *.nricloud.jp *.sovereigncloud.nz *.jpsovereigncloud.jp *.thaiaiscloud.com *.dutechcloud.ae *.stccloud.com *.opencanvas.jp *.portalclarocco.com.br *.svcl.jp *.eonecloud.com sitecatalyst.omniture.com feedback.us-phoenix-1.oci.oraclecloud.com feedback-dev.us-phoenix-1.oci.oraclecloud.com *.cloud.oracle.com console.r1.oracleiaas.com". The action has been blocked. @ https://www.oracleimg.com/us/assets/metrics/ora_code.js:7
[    1813ms] [ERROR] Connecting to 'https://dpm.demdex.net/id?d_visid_ver=4.4.0&d_fieldgroup=AAM&d_rtbd=json&d_ver=2&d_orgid=93263704532955710A490D44%40AdobeOrg&d_nsid=0&d_mid=41829166589799547482110726814032643237&ts=1777141845359' violates the following Content Security Policy directive: "connect-src 'self' *.truste.com *.trustarc.com *.psn-pco.it *.nricloud.jp *.sovereigncloud.nz *.jpsovereigncloud.jp *.thaiaiscloud.com *.dutechcloud.ae *.stccloud.com *.opencanvas.jp *.portalclarocco.com.br *.svcl.jp *.eonecloud.com sitecatalyst.omniture.com feedback.us-phoenix-1.oci.oraclecloud.com feedback-dev.us-phoenix-1.oci.oraclecloud.com *.cloud.oracle.com console.r1.oracleiaas.com". The action has been blocked. @ https://www.oracleimg.com/us/assets/metrics/ora_code.js:7
[    1823ms] [WARNING] Failed to decode downloaded font: https://docs.oracle.com/iaas/build/683a82d7b23df073d22f.woff @ https://docs.oracle.com/en-us/iaas/Content/zero-trust-packet-routing/:0
[    1823ms] [WARNING] OTS parsing error: invalid sfntVersion: 1702391919 @ https://docs.oracle.com/en-us/iaas/Content/zero-trust-packet-routing/:0
[    1823ms] [WARNING] Failed to decode downloaded font: https://docs.oracle.com/iaas/build/683a82d7b23df073d22f.woff @ https://docs.oracle.com/en-us/iaas/Content/zero-trust-packet-routing/:0
[    1823ms] [WARNING] OTS parsing error: invalid sfntVersion: 1702391919 @ https://docs.oracle.com/en-us/iaas/Content/zero-trust-packet-routing/:0
[    1823ms] [WARNING] Failed to decode downloaded font: https://docs.oracle.com/iaas/build/683a82d7b23df073d22f.woff @ https://docs.oracle.com/en-us/iaas/Content/zero-trust-packet-routing/:0
[    1823ms] [WARNING] OTS parsing error: invalid sfntVersion: 1702391919 @ https://docs.oracle.com/en-us/iaas/Content/zero-trust-packet-routing/:0
[    1823ms] [WARNING] Failed to decode downloaded font: https://docs.oracle.com/iaas/build/683a82d7b23df073d22f.woff @ https://docs.oracle.com/en-us/iaas/Content/zero-trust-packet-routing/:0
[    1823ms] [WARNING] OTS parsing error: invalid sfntVersion: 1702391919 @ https://docs.oracle.com/en-us/iaas/Content/zero-trust-packet-routing/:0
[    4399ms] [ERROR] Connecting to 'https://dc.oracleinfinity.io/v4/account/wh3g12c3gg/client/id' violates the following Content Security Policy directive: "connect-src 'self' *.truste.com *.trustarc.com *.psn-pco.it *.nricloud.jp *.sovereigncloud.nz *.jpsovereigncloud.jp *.thaiaiscloud.com *.dutechcloud.ae *.stccloud.com *.opencanvas.jp *.portalclarocco.com.br *.svcl.jp *.eonecloud.com sitecatalyst.omniture.com feedback.us-phoenix-1.oci.oraclecloud.com feedback-dev.us-phoenix-1.oci.oraclecloud.com *.cloud.oracle.com console.r1.oracleiaas.com". The action has been blocked. @ https://d.oracleinfinity.io/infy/acs/common/js/1.3.52/common.js:44
